{
  "C:/Users/Дмитрий/Documents/учеба/rss/RSS-React-2023q1_week1/src/client/components/header/header.tsx": {
    "path": "C:/Users/Дмитрий/Documents/учеба/rss/RSS-React-2023q1_week1/src/client/components/header/header.tsx",
    "statementMap": {
      "0": {
        "start": {
          "line": 5,
          "column": 0
        },
        "end": {
          "line": 15,
          "column": 1
        }
      },
      "1": {
        "start": {
          "line": 6,
          "column": 2
        },
        "end": {
          "line": 8,
          "column": 3
        }
      },
      "2": {
        "start": {
          "line": 7,
          "column": 4
        },
        "end": {
          "line": 7,
          "column": 165
        }
      },
      "3": {
        "start": {
          "line": 9,
          "column": 2
        },
        "end": {
          "line": 9,
          "column": 39
        }
      },
      "4": {
        "start": {
          "line": 10,
          "column": 2
        },
        "end": {
          "line": 10,
          "column": 39
        }
      },
      "5": {
        "start": {
          "line": 11,
          "column": 2
        },
        "end": {
          "line": 13,
          "column": 4
        }
      },
      "6": {
        "start": {
          "line": 12,
          "column": 4
        },
        "end": {
          "line": 12,
          "column": 143
        }
      },
      "7": {
        "start": {
          "line": 14,
          "column": 2
        },
        "end": {
          "line": 14,
          "column": 75
        }
      },
      "8": {
        "start": {
          "line": 21,
          "column": 2
        },
        "end": {
          "line": 67,
          "column": 11
        }
      },
      "9": {
        "start": {
          "line": 33,
          "column": 13
        },
        "end": {
          "line": 35,
          "column": 7
        }
      },
      "10": {
        "start": {
          "line": 42,
          "column": 13
        },
        "end": {
          "line": 44,
          "column": 7
        }
      },
      "11": {
        "start": {
          "line": 51,
          "column": 13
        },
        "end": {
          "line": 53,
          "column": 7
        }
      },
      "12": {
        "start": {
          "line": 69,
          "column": 0
        },
        "end": {
          "line": 69,
          "column": 12
        }
      },
      "13": {
        "start": {
          "line": 71,
          "column": 0
        },
        "end": {
          "line": 71,
          "column": 27
        }
      },
      "14": {
        "start": {
          "line": 72,
          "column": 0
        },
        "end": {
          "line": 88,
          "column": 1
        }
      },
      "15": {
        "start": {
          "line": 73,
          "column": 2
        },
        "end": {
          "line": 73,
          "column": 39
        }
      },
      "16": {
        "start": {
          "line": 74,
          "column": 2
        },
        "end": {
          "line": 74,
          "column": 39
        }
      },
      "17": {
        "start": {
          "line": 75,
          "column": 2
        },
        "end": {
          "line": 87,
          "column": 5
        }
      },
      "18": {
        "start": {
          "line": 79,
          "column": 4
        },
        "end": {
          "line": 79,
          "column": 169
        }
      },
      "19": {
        "start": {
          "line": 80,
          "column": 4
        },
        "end": {
          "line": 86,
          "column": 7
        }
      },
      "20": {
        "start": {
          "line": 81,
          "column": 6
        },
        "end": {
          "line": 82,
          "column": 15
        }
      },
      "21": {
        "start": {
          "line": 82,
          "column": 8
        },
        "end": {
          "line": 82,
          "column": 15
        }
      },
      "22": {
        "start": {
          "line": 83,
          "column": 32
        },
        "end": {
          "line": 83,
          "column": 115
        }
      },
      "23": {
        "start": {
          "line": 84,
          "column": 6
        },
        "end": {
          "line": 85,
          "column": 54
        }
      },
      "24": {
        "start": {
          "line": 85,
          "column": 8
        },
        "end": {
          "line": 85,
          "column": 54
        }
      }
    },
    "fnMap": {
      "0": {
        "name": "(anonymous_0)",
        "decl": {
          "start": {
            "line": 11,
            "column": 24
          },
          "end": {
            "line": 11,
            "column": 25
          }
        },
        "loc": {
          "start": {
            "line": 11,
            "column": 38
          },
          "end": {
            "line": 13,
            "column": 3
          }
        },
        "line": 11
      },
      "1": {
        "name": "Header",
        "decl": {
          "start": {
            "line": 18,
            "column": 24
          },
          "end": {
            "line": 18,
            "column": 30
          }
        },
        "loc": {
          "start": {
            "line": 20,
            "column": 3
          },
          "end": {
            "line": 68,
            "column": 1
          }
        },
        "line": 20
      },
      "2": {
        "name": "(anonymous_2)",
        "decl": {
          "start": {
            "line": 31,
            "column": 56
          },
          "end": {
            "line": 31,
            "column": 57
          }
        },
        "loc": {
          "start": {
            "line": 33,
            "column": 13
          },
          "end": {
            "line": 35,
            "column": 7
          }
        },
        "line": 33
      },
      "3": {
        "name": "(anonymous_3)",
        "decl": {
          "start": {
            "line": 40,
            "column": 61
          },
          "end": {
            "line": 40,
            "column": 62
          }
        },
        "loc": {
          "start": {
            "line": 42,
            "column": 13
          },
          "end": {
            "line": 44,
            "column": 7
          }
        },
        "line": 42
      },
      "4": {
        "name": "(anonymous_4)",
        "decl": {
          "start": {
            "line": 49,
            "column": 60
          },
          "end": {
            "line": 49,
            "column": 61
          }
        },
        "loc": {
          "start": {
            "line": 51,
            "column": 13
          },
          "end": {
            "line": 53,
            "column": 7
          }
        },
        "line": 51
      },
      "5": {
        "name": "(anonymous_5)",
        "decl": {
          "start": {
            "line": 78,
            "column": 9
          },
          "end": {
            "line": 78,
            "column": 10
          }
        },
        "loc": {
          "start": {
            "line": 78,
            "column": 29
          },
          "end": {
            "line": 87,
            "column": 3
          }
        },
        "line": 78
      },
      "6": {
        "name": "(anonymous_6)",
        "decl": {
          "start": {
            "line": 80,
            "column": 27
          },
          "end": {
            "line": 80,
            "column": 28
          }
        },
        "loc": {
          "start": {
            "line": 80,
            "column": 44
          },
          "end": {
            "line": 86,
            "column": 5
          }
        },
        "line": 80
      }
    },
    "branchMap": {
      "0": {
        "loc": {
          "start": {
            "line": 5,
            "column": 0
          },
          "end": {
            "line": 15,
            "column": 1
          }
        },
        "type": "if",
        "locations": [
          {
            "start": {
              "line": 5,
              "column": 0
            },
            "end": {
              "line": 15,
              "column": 1
            }
          },
          {
            "start": {},
            "end": {}
          }
        ],
        "line": 5
      },
      "1": {
        "loc": {
          "start": {
            "line": 6,
            "column": 2
          },
          "end": {
            "line": 8,
            "column": 3
          }
        },
        "type": "if",
        "locations": [
          {
            "start": {
              "line": 6,
              "column": 2
            },
            "end": {
              "line": 8,
              "column": 3
            }
          },
          {
            "start": {},
            "end": {}
          }
        ],
        "line": 6
      },
      "2": {
        "loc": {
          "start": {
            "line": 34,
            "column": 15
          },
          "end": {
            "line": 34,
            "column": 48
          }
        },
        "type": "cond-expr",
        "locations": [
          {
            "start": {
              "line": 34,
              "column": 26
            },
            "end": {
              "line": 34,
              "column": 39
            }
          },
          {
            "start": {
              "line": 34,
              "column": 42
            },
            "end": {
              "line": 34,
              "column": 48
            }
          }
        ],
        "line": 34
      },
      "3": {
        "loc": {
          "start": {
            "line": 43,
            "column": 15
          },
          "end": {
            "line": 43,
            "column": 48
          }
        },
        "type": "cond-expr",
        "locations": [
          {
            "start": {
              "line": 43,
              "column": 26
            },
            "end": {
              "line": 43,
              "column": 39
            }
          },
          {
            "start": {
              "line": 43,
              "column": 42
            },
            "end": {
              "line": 43,
              "column": 48
            }
          }
        ],
        "line": 43
      },
      "4": {
        "loc": {
          "start": {
            "line": 52,
            "column": 15
          },
          "end": {
            "line": 52,
            "column": 48
          }
        },
        "type": "cond-expr",
        "locations": [
          {
            "start": {
              "line": 52,
              "column": 26
            },
            "end": {
              "line": 52,
              "column": 39
            }
          },
          {
            "start": {
              "line": 52,
              "column": 42
            },
            "end": {
              "line": 52,
              "column": 48
            }
          }
        ],
        "line": 52
      },
      "5": {
        "loc": {
          "start": {
            "line": 72,
            "column": 0
          },
          "end": {
            "line": 88,
            "column": 1
          }
        },
        "type": "if",
        "locations": [
          {
            "start": {
              "line": 72,
              "column": 0
            },
            "end": {
              "line": 88,
              "column": 1
            }
          },
          {
            "start": {},
            "end": {}
          }
        ],
        "line": 72
      },
      "6": {
        "loc": {
          "start": {
            "line": 81,
            "column": 6
          },
          "end": {
            "line": 82,
            "column": 15
          }
        },
        "type": "if",
        "locations": [
          {
            "start": {
              "line": 81,
              "column": 6
            },
            "end": {
              "line": 82,
              "column": 15
            }
          },
          {
            "start": {},
            "end": {}
          }
        ],
        "line": 81
      },
      "7": {
        "loc": {
          "start": {
            "line": 84,
            "column": 6
          },
          "end": {
            "line": 85,
            "column": 54
          }
        },
        "type": "if",
        "locations": [
          {
            "start": {
              "line": 84,
              "column": 6
            },
            "end": {
              "line": 85,
              "column": 54
            }
          },
          {
            "start": {},
            "end": {}
          }
        ],
        "line": 84
      }
    },
    "s": {
      "0": 42,
      "1": 42,
      "2": 0,
      "3": 42,
      "4": 42,
      "5": 42,
      "6": 42,
      "7": 42,
      "8": 67,
      "9": 67,
      "10": 67,
      "11": 67,
      "12": 42,
      "13": 42,
      "14": 42,
      "15": 42,
      "16": 42,
      "17": 42,
      "18": 21,
      "19": 21,
      "20": 0,
      "21": 0,
      "22": 0,
      "23": 0,
      "24": 0
    },
    "f": {
      "0": 42,
      "1": 67,
      "2": 67,
      "3": 67,
      "4": 67,
      "5": 21,
      "6": 0
    },
    "b": {
      "0": [
        42,
        0
      ],
      "1": [
        0,
        42
      ],
      "2": [
        37,
        30
      ],
      "3": [
        9,
        58
      ],
      "4": [
        19,
        48
      ],
      "5": [
        42,
        0
      ],
      "6": [
        0,
        0
      ],
      "7": [
        0,
        0
      ]
    },
    "inputSourceMap": {
      "version": 3,
      "mappings": "AAWM;AAXN,2BAAwB;AAAkB;AAAA;AAAA;AAAA;AAAA;AAAA;AAAA;AAAA;AAAA;AAAA;AAAA;AAAA;AAAA;AAAA;AAE1C,OAAO;AAMP,wBAAwBA,OAAO;AAAA,EAAEC;AAAoB,GAAG;AACtD,SACE,uBAAC,YACC;AAAA,2BAAC,QAAG;AAAA;AAAA,MAAkBA;AAAAA,SAAtB;AAAA;AAAA;AAAA;AAAA,WAA4B;AAAA,IAC5B,uBAAC,SACC;AAAA,6BAAC,WACC,IAAG,KACH,OAAO,CAAC;AAAA,QAAEC;AAAAA,MAAS,OAAO;AAAA,QACxBC,OAAOD,WAAW,gBAAgB;AAAA,MACpC,IACD,oBALD;AAAA;AAAA;AAAA;AAAA,aAOA;AAAA,MACA,uBAAC,WACC,IAAG,UACH,OAAO,CAAC;AAAA,QAAEA;AAAAA,MAAS,OAAO;AAAA,QACxBC,OAAOD,WAAW,gBAAgB;AAAA,MACpC,IACD,qBALD;AAAA;AAAA;AAAA;AAAA,aAOA;AAAA,MACA,uBAAC,WACC,IAAG,SACH,OAAO,CAAC;AAAA,QAAEA;AAAAA,MAAS,OAAO;AAAA,QACxBC,OAAOD,WAAW,gBAAgB;AAAA,MACpC,IACD,oBALD;AAAA;AAAA;AAAA;AAAA,aAOA;AAAA,SAxBF;AAAA;AAAA;AAAA;AAAA,WAyBA;AAAA,OA3BF;AAAA;AAAA;AAAA;AAAA,SA4BA;AAEJ;AAACE,KAhCuBJ;AAAM;AAAAK",
      "names": [
        "Header",
        "title",
        "isActive",
        "color",
        "_c",
        "$RefreshReg$"
      ],
      "sources": [
        "C:/Users/Дмитрий/Documents/учеба/rss/RSS-React-2023q1_week1/src/client/components/header/header.tsx"
      ],
      "file": "C:/Users/Дмитрий/Documents/учеба/rss/RSS-React-2023q1_week1/src/client/components/header/header.tsx"
    },
    "_coverageSchema": "1a1c01bbd47fc00a2c39e90264f33305004495a9",
    "hash": "689caef2f03ae7f497727d7be7a51d0218f12e90"
  },
  "C:/Users/Дмитрий/Documents/учеба/rss/RSS-React-2023q1_week1/src/client/app/hooks.ts": {
    "path": "C:/Users/Дмитрий/Documents/учеба/rss/RSS-React-2023q1_week1/src/client/app/hooks.ts",
    "statementMap": {
      "0": {
        "start": {
          "line": 2,
          "column": 30
        },
        "end": {
          "line": 2,
          "column": 41
        }
      },
      "1": {
        "start": {
          "line": 3,
          "column": 30
        },
        "end": {
          "line": 3,
          "column": 41
        }
      }
    },
    "fnMap": {},
    "branchMap": {},
    "s": {
      "0": 42,
      "1": 42
    },
    "f": {},
    "b": {},
    "inputSourceMap": {
      "version": 3,
      "sources": [
        "C:/Users/Дмитрий/Documents/учеба/rss/RSS-React-2023q1_week1/src/client/app/hooks.ts"
      ],
      "mappings": "AAAA,SAA+B,aAAa,mBAAmB;AAGxD,aAAM,iBAAoC;AAC1C,aAAM,iBAAkD;",
      "names": []
    },
    "_coverageSchema": "1a1c01bbd47fc00a2c39e90264f33305004495a9",
    "hash": "b45930b6a7ef4d86205268bb5baec942039896f2"
  },
  "C:/Users/Дмитрий/Documents/учеба/rss/RSS-React-2023q1_week1/src/client/features/searchInput/searchInput.ts": {
    "path": "C:/Users/Дмитрий/Documents/учеба/rss/RSS-React-2023q1_week1/src/client/features/searchInput/searchInput.ts",
    "statementMap": {
      "0": {
        "start": {
          "line": 2,
          "column": 24
        },
        "end": {
          "line": 2,
          "column": 56
        }
      },
      "1": {
        "start": {
          "line": 3,
          "column": 21
        },
        "end": {
          "line": 3,
          "column": 34
        }
      },
      "2": {
        "start": {
          "line": 4,
          "column": 25
        },
        "end": {
          "line": 12,
          "column": 2
        }
      },
      "3": {
        "start": {
          "line": 9,
          "column": 6
        },
        "end": {
          "line": 9,
          "column": 35
        }
      },
      "4": {
        "start": {
          "line": 13,
          "column": 35
        },
        "end": {
          "line": 13,
          "column": 59
        }
      },
      "5": {
        "start": {
          "line": 14,
          "column": 33
        },
        "end": {
          "line": 14,
          "column": 67
        }
      },
      "6": {
        "start": {
          "line": 14,
          "column": 44
        },
        "end": {
          "line": 14,
          "column": 67
        }
      }
    },
    "fnMap": {
      "0": {
        "name": "(anonymous_0)",
        "decl": {
          "start": {
            "line": 8,
            "column": 21
          },
          "end": {
            "line": 8,
            "column": 22
          }
        },
        "loc": {
          "start": {
            "line": 8,
            "column": 40
          },
          "end": {
            "line": 10,
            "column": 5
          }
        },
        "line": 8
      },
      "1": {
        "name": "(anonymous_1)",
        "decl": {
          "start": {
            "line": 14,
            "column": 33
          },
          "end": {
            "line": 14,
            "column": 34
          }
        },
        "loc": {
          "start": {
            "line": 14,
            "column": 44
          },
          "end": {
            "line": 14,
            "column": 67
          }
        },
        "line": 14
      }
    },
    "branchMap": {
      "0": {
        "loc": {
          "start": {
            "line": 2,
            "column": 24
          },
          "end": {
            "line": 2,
            "column": 56
          }
        },
        "type": "binary-expr",
        "locations": [
          {
            "start": {
              "line": 2,
              "column": 24
            },
            "end": {
              "line": 2,
              "column": 42
            }
          },
          {
            "start": {
              "line": 2,
              "column": 46
            },
            "end": {
              "line": 2,
              "column": 56
            }
          }
        ],
        "line": 2
      }
    },
    "s": {
      "0": 42,
      "1": 42,
      "2": 42,
      "3": 8,
      "4": 42,
      "5": 42,
      "6": 280
    },
    "f": {
      "0": 8,
      "1": 280
    },
    "b": {
      "0": [
        42,
        42
      ]
    },
    "inputSourceMap": {
      "version": 3,
      "sources": [
        "C:/Users/Дмитрий/Documents/учеба/rss/RSS-React-2023q1_week1/src/client/features/searchInput/searchInput.ts"
      ],
      "mappings": "AACA,YAAY,gBAAgB;AAK5B,MAAM,EAAE,YAAY,IAAM,WAA8B,WAAW;AAMnE,MAAM,eAAiC,EAAE,OAAO,GAAG;AAEnD,MAAM,mBAAmB,YAAY;AAAA,EACnC,MAAM;AAAA,EACN;AAAA,EACA,UAAU;AAAA,IACR,iBAAiB,CAAC,OAAO,WAAkC;AACzD,YAAM,QAAQ,OAAO;AAAA,IACvB;AAAA,EACF;AACF,CAAC;AAEM,aAAM,EAAE,gBAAgB,IAAI,iBAAiB;AAE7C,aAAM,oBAAoB,CAAC,UAAqB,MAAM,YAAY;AAEzE,eAAe,iBAAiB;",
      "names": []
    },
    "_coverageSchema": "1a1c01bbd47fc00a2c39e90264f33305004495a9",
    "hash": "bd9eba2fa3c8fc09af03506efe9e751acfb43311"
  },
  "C:/Users/Дмитрий/Documents/учеба/rss/RSS-React-2023q1_week1/src/client/components/searchBar/searchBar.tsx": {
    "path": "C:/Users/Дмитрий/Documents/учеба/rss/RSS-React-2023q1_week1/src/client/components/searchBar/searchBar.tsx",
    "statementMap": {
      "0": {
        "start": {
          "line": 5,
          "column": 0
        },
        "end": {
          "line": 15,
          "column": 1
        }
      },
      "1": {
        "start": {
          "line": 6,
          "column": 2
        },
        "end": {
          "line": 8,
          "column": 3
        }
      },
      "2": {
        "start": {
          "line": 7,
          "column": 4
        },
        "end": {
          "line": 7,
          "column": 165
        }
      },
      "3": {
        "start": {
          "line": 9,
          "column": 2
        },
        "end": {
          "line": 9,
          "column": 39
        }
      },
      "4": {
        "start": {
          "line": 10,
          "column": 2
        },
        "end": {
          "line": 10,
          "column": 39
        }
      },
      "5": {
        "start": {
          "line": 11,
          "column": 2
        },
        "end": {
          "line": 13,
          "column": 4
        }
      },
      "6": {
        "start": {
          "line": 12,
          "column": 4
        },
        "end": {
          "line": 12,
          "column": 149
        }
      },
      "7": {
        "start": {
          "line": 14,
          "column": 2
        },
        "end": {
          "line": 14,
          "column": 75
        }
      },
      "8": {
        "start": {
          "line": 16,
          "column": 9
        },
        "end": {
          "line": 16,
          "column": 23
        }
      },
      "9": {
        "start": {
          "line": 22,
          "column": 2
        },
        "end": {
          "line": 22,
          "column": 7
        }
      },
      "10": {
        "start": {
          "line": 23,
          "column": 27
        },
        "end": {
          "line": 23,
          "column": 60
        }
      },
      "11": {
        "start": {
          "line": 24,
          "column": 19
        },
        "end": {
          "line": 24,
          "column": 35
        }
      },
      "12": {
        "start": {
          "line": 30,
          "column": 6
        },
        "end": {
          "line": 30,
          "column": 15
        }
      },
      "13": {
        "start": {
          "line": 31,
          "column": 2
        },
        "end": {
          "line": 33,
          "column": 9
        }
      },
      "14": {
        "start": {
          "line": 32,
          "column": 4
        },
        "end": {
          "line": 32,
          "column": 46
        }
      },
      "15": {
        "start": {
          "line": 34,
          "column": 29
        },
        "end": {
          "line": 36,
          "column": 4
        }
      },
      "16": {
        "start": {
          "line": 35,
          "column": 4
        },
        "end": {
          "line": 35,
          "column": 56
        }
      },
      "17": {
        "start": {
          "line": 37,
          "column": 2
        },
        "end": {
          "line": 60,
          "column": 11
        }
      },
      "18": {
        "start": {
          "line": 62,
          "column": 0
        },
        "end": {
          "line": 64,
          "column": 3
        }
      },
      "19": {
        "start": {
          "line": 63,
          "column": 2
        },
        "end": {
          "line": 63,
          "column": 51
        }
      },
      "20": {
        "start": {
          "line": 65,
          "column": 0
        },
        "end": {
          "line": 65,
          "column": 15
        }
      },
      "21": {
        "start": {
          "line": 67,
          "column": 0
        },
        "end": {
          "line": 67,
          "column": 30
        }
      },
      "22": {
        "start": {
          "line": 68,
          "column": 0
        },
        "end": {
          "line": 84,
          "column": 1
        }
      },
      "23": {
        "start": {
          "line": 69,
          "column": 2
        },
        "end": {
          "line": 69,
          "column": 39
        }
      },
      "24": {
        "start": {
          "line": 70,
          "column": 2
        },
        "end": {
          "line": 70,
          "column": 39
        }
      },
      "25": {
        "start": {
          "line": 71,
          "column": 2
        },
        "end": {
          "line": 83,
          "column": 5
        }
      },
      "26": {
        "start": {
          "line": 75,
          "column": 4
        },
        "end": {
          "line": 75,
          "column": 175
        }
      },
      "27": {
        "start": {
          "line": 76,
          "column": 4
        },
        "end": {
          "line": 82,
          "column": 7
        }
      },
      "28": {
        "start": {
          "line": 77,
          "column": 6
        },
        "end": {
          "line": 78,
          "column": 15
        }
      },
      "29": {
        "start": {
          "line": 78,
          "column": 8
        },
        "end": {
          "line": 78,
          "column": 15
        }
      },
      "30": {
        "start": {
          "line": 79,
          "column": 32
        },
        "end": {
          "line": 79,
          "column": 115
        }
      },
      "31": {
        "start": {
          "line": 80,
          "column": 6
        },
        "end": {
          "line": 81,
          "column": 54
        }
      },
      "32": {
        "start": {
          "line": 81,
          "column": 8
        },
        "end": {
          "line": 81,
          "column": 54
        }
      }
    },
    "fnMap": {
      "0": {
        "name": "(anonymous_0)",
        "decl": {
          "start": {
            "line": 11,
            "column": 24
          },
          "end": {
            "line": 11,
            "column": 25
          }
        },
        "loc": {
          "start": {
            "line": 11,
            "column": 38
          },
          "end": {
            "line": 13,
            "column": 3
          }
        },
        "line": 11
      },
      "1": {
        "name": "SearchBar",
        "decl": {
          "start": {
            "line": 21,
            "column": 24
          },
          "end": {
            "line": 21,
            "column": 33
          }
        },
        "loc": {
          "start": {
            "line": 21,
            "column": 36
          },
          "end": {
            "line": 61,
            "column": 1
          }
        },
        "line": 21
      },
      "2": {
        "name": "(anonymous_2)",
        "decl": {
          "start": {
            "line": 31,
            "column": 12
          },
          "end": {
            "line": 31,
            "column": 13
          }
        },
        "loc": {
          "start": {
            "line": 31,
            "column": 18
          },
          "end": {
            "line": 33,
            "column": 3
          }
        },
        "line": 31
      },
      "3": {
        "name": "(anonymous_3)",
        "decl": {
          "start": {
            "line": 34,
            "column": 42
          },
          "end": {
            "line": 34,
            "column": 43
          }
        },
        "loc": {
          "start": {
            "line": 34,
            "column": 48
          },
          "end": {
            "line": 36,
            "column": 3
          }
        },
        "line": 34
      },
      "4": {
        "name": "(anonymous_4)",
        "decl": {
          "start": {
            "line": 62,
            "column": 53
          },
          "end": {
            "line": 62,
            "column": 54
          }
        },
        "loc": {
          "start": {
            "line": 62,
            "column": 64
          },
          "end": {
            "line": 64,
            "column": 1
          }
        },
        "line": 62
      },
      "5": {
        "name": "(anonymous_5)",
        "decl": {
          "start": {
            "line": 74,
            "column": 9
          },
          "end": {
            "line": 74,
            "column": 10
          }
        },
        "loc": {
          "start": {
            "line": 74,
            "column": 29
          },
          "end": {
            "line": 83,
            "column": 3
          }
        },
        "line": 74
      },
      "6": {
        "name": "(anonymous_6)",
        "decl": {
          "start": {
            "line": 76,
            "column": 27
          },
          "end": {
            "line": 76,
            "column": 28
          }
        },
        "loc": {
          "start": {
            "line": 76,
            "column": 44
          },
          "end": {
            "line": 82,
            "column": 5
          }
        },
        "line": 76
      }
    },
    "branchMap": {
      "0": {
        "loc": {
          "start": {
            "line": 5,
            "column": 0
          },
          "end": {
            "line": 15,
            "column": 1
          }
        },
        "type": "if",
        "locations": [
          {
            "start": {
              "line": 5,
              "column": 0
            },
            "end": {
              "line": 15,
              "column": 1
            }
          },
          {
            "start": {},
            "end": {}
          }
        ],
        "line": 5
      },
      "1": {
        "loc": {
          "start": {
            "line": 6,
            "column": 2
          },
          "end": {
            "line": 8,
            "column": 3
          }
        },
        "type": "if",
        "locations": [
          {
            "start": {
              "line": 6,
              "column": 2
            },
            "end": {
              "line": 8,
              "column": 3
            }
          },
          {
            "start": {},
            "end": {}
          }
        ],
        "line": 6
      },
      "2": {
        "loc": {
          "start": {
            "line": 68,
            "column": 0
          },
          "end": {
            "line": 84,
            "column": 1
          }
        },
        "type": "if",
        "locations": [
          {
            "start": {
              "line": 68,
              "column": 0
            },
            "end": {
              "line": 84,
              "column": 1
            }
          },
          {
            "start": {},
            "end": {}
          }
        ],
        "line": 68
      },
      "3": {
        "loc": {
          "start": {
            "line": 77,
            "column": 6
          },
          "end": {
            "line": 78,
            "column": 15
          }
        },
        "type": "if",
        "locations": [
          {
            "start": {
              "line": 77,
              "column": 6
            },
            "end": {
              "line": 78,
              "column": 15
            }
          },
          {
            "start": {},
            "end": {}
          }
        ],
        "line": 77
      },
      "4": {
        "loc": {
          "start": {
            "line": 80,
            "column": 6
          },
          "end": {
            "line": 81,
            "column": 54
          }
        },
        "type": "if",
        "locations": [
          {
            "start": {
              "line": 80,
              "column": 6
            },
            "end": {
              "line": 81,
              "column": 54
            }
          },
          {
            "start": {},
            "end": {}
          }
        ],
        "line": 80
      }
    },
    "s": {
      "0": 42,
      "1": 42,
      "2": 0,
      "3": 42,
      "4": 42,
      "5": 42,
      "6": 42,
      "7": 42,
      "8": 42,
      "9": 52,
      "10": 52,
      "11": 52,
      "12": 52,
      "13": 52,
      "14": 17,
      "15": 52,
      "16": 8,
      "17": 52,
      "18": 42,
      "19": 20,
      "20": 42,
      "21": 42,
      "22": 42,
      "23": 42,
      "24": 42,
      "25": 42,
      "26": 21,
      "27": 21,
      "28": 0,
      "29": 0,
      "30": 0,
      "31": 0,
      "32": 0
    },
    "f": {
      "0": 42,
      "1": 52,
      "2": 17,
      "3": 8,
      "4": 20,
      "5": 21,
      "6": 0
    },
    "b": {
      "0": [
        42,
        0
      ],
      "1": [
        0,
        42
      ],
      "2": [
        42,
        0
      ],
      "3": [
        0,
        0
      ],
      "4": [
        0,
        0
      ]
    },
    "inputSourceMap": {
      "version": 3,
      "mappings": "AA2BU;;;;;;;;;;;;;;;;AA3BV,SAASA,iBAAiB;AAC1B,SAASC,eAAe;AAExB,SAASC,gBAAgBC,sBAAsB;AAC/C,SAASC,iBAAiBC,yBAAyB;AAMnD,wBAAwBC,YAAY;AAAAC;AAClC,QAAMC,mBAAmBL,eAAeE,iBAAiB;AACzD,QAAMI,WAAWP,eAAe;AAChC,QAAM;AAAA,IAAEQ;AAAAA,IAAUC;AAAAA,IAAcC;AAAAA,IAAWC;AAAAA,EAAS,IAAIZ,QAAqB;AAE7ED,YAAU,MAAM;AACda,aAAS,eAAeL,gBAAgB;AAAA,EAC1C,GAAG,EAAE;AAEL,QAAMM,qBAAqBH,aAAa,MAAM;AAC5CF,aAASL,gBAAgBQ,UAAU,aAAa,CAAC,CAAC;AAAA,EACpD,CAAC;AAED,SACE,uBAAC,SAAI,WAAU,cACb,iCAAC,UAAK,WAAU,QAAO,UAAUE,oBAC/B,iCAAC,SAAI,WAAU,SACb;AAAA,2BAAC,WAAM,GAAIJ,SAAS,aAAa,GAAG,aAAY,qBAAhD;AAAA;AAAA;AAAA;AAAA,WAAiE;AAAA,IACjE,uBAAC,WAAM,MAAK,UAAS,OAAM,YAA3B;AAAA;AAAA;AAAA;AAAA,WAAmC;AAAA,OAFrC;AAAA;AAAA;AAAA;AAAA,SAGA,KAJF;AAAA;AAAA;AAAA;AAAA,SAKA,KANF;AAAA;AAAA;AAAA;AAAA,SAOA;AAEJ;AAACH,GAvBuBD,WAAS;AAAA,UACNH,gBACRD,gBACuCD,OAAO;AAAA;AAAAc,KAHzCT;AAAS;AAAAU",
      "names": [
        "useEffect",
        "useForm",
        "useAppDispatch",
        "useAppSelector",
        "saveSearchInput",
        "selectSearchInput",
        "SearchBar",
        "_s",
        "savedSearchInput",
        "dispatch",
        "register",
        "handleSubmit",
        "getValues",
        "setValue",
        "handleSearchSubmit",
        "_c",
        "$RefreshReg$"
      ],
      "sources": [
        "C:/Users/Дмитрий/Documents/учеба/rss/RSS-React-2023q1_week1/src/client/components/searchBar/searchBar.tsx"
      ],
      "file": "C:/Users/Дмитрий/Documents/учеба/rss/RSS-React-2023q1_week1/src/client/components/searchBar/searchBar.tsx"
    },
    "_coverageSchema": "1a1c01bbd47fc00a2c39e90264f33305004495a9",
    "hash": "5d87998c27241caf9ba8c92fc7364357a65beb7d"
  },
  "C:/Users/Дмитрий/Documents/учеба/rss/RSS-React-2023q1_week1/src/client/components/card/card.tsx": {
    "path": "C:/Users/Дмитрий/Documents/учеба/rss/RSS-React-2023q1_week1/src/client/components/card/card.tsx",
    "statementMap": {
      "0": {
        "start": {
          "line": 5,
          "column": 0
        },
        "end": {
          "line": 15,
          "column": 1
        }
      },
      "1": {
        "start": {
          "line": 6,
          "column": 2
        },
        "end": {
          "line": 8,
          "column": 3
        }
      },
      "2": {
        "start": {
          "line": 7,
          "column": 4
        },
        "end": {
          "line": 7,
          "column": 165
        }
      },
      "3": {
        "start": {
          "line": 9,
          "column": 2
        },
        "end": {
          "line": 9,
          "column": 39
        }
      },
      "4": {
        "start": {
          "line": 10,
          "column": 2
        },
        "end": {
          "line": 10,
          "column": 39
        }
      },
      "5": {
        "start": {
          "line": 11,
          "column": 2
        },
        "end": {
          "line": 13,
          "column": 4
        }
      },
      "6": {
        "start": {
          "line": 12,
          "column": 4
        },
        "end": {
          "line": 12,
          "column": 139
        }
      },
      "7": {
        "start": {
          "line": 14,
          "column": 2
        },
        "end": {
          "line": 14,
          "column": 75
        }
      },
      "8": {
        "start": {
          "line": 27,
          "column": 6
        },
        "end": {
          "line": 27,
          "column": 14
        }
      },
      "9": {
        "start": {
          "line": 28,
          "column": 2
        },
        "end": {
          "line": 75,
          "column": 11
        }
      },
      "10": {
        "start": {
          "line": 29,
          "column": 4
        },
        "end": {
          "line": 29,
          "column": 26
        }
      },
      "11": {
        "start": {
          "line": 77,
          "column": 0
        },
        "end": {
          "line": 77,
          "column": 10
        }
      },
      "12": {
        "start": {
          "line": 79,
          "column": 0
        },
        "end": {
          "line": 79,
          "column": 25
        }
      },
      "13": {
        "start": {
          "line": 80,
          "column": 0
        },
        "end": {
          "line": 96,
          "column": 1
        }
      },
      "14": {
        "start": {
          "line": 81,
          "column": 2
        },
        "end": {
          "line": 81,
          "column": 39
        }
      },
      "15": {
        "start": {
          "line": 82,
          "column": 2
        },
        "end": {
          "line": 82,
          "column": 39
        }
      },
      "16": {
        "start": {
          "line": 83,
          "column": 2
        },
        "end": {
          "line": 95,
          "column": 5
        }
      },
      "17": {
        "start": {
          "line": 87,
          "column": 4
        },
        "end": {
          "line": 87,
          "column": 165
        }
      },
      "18": {
        "start": {
          "line": 88,
          "column": 4
        },
        "end": {
          "line": 94,
          "column": 7
        }
      },
      "19": {
        "start": {
          "line": 89,
          "column": 6
        },
        "end": {
          "line": 90,
          "column": 15
        }
      },
      "20": {
        "start": {
          "line": 90,
          "column": 8
        },
        "end": {
          "line": 90,
          "column": 15
        }
      },
      "21": {
        "start": {
          "line": 91,
          "column": 32
        },
        "end": {
          "line": 91,
          "column": 115
        }
      },
      "22": {
        "start": {
          "line": 92,
          "column": 6
        },
        "end": {
          "line": 93,
          "column": 54
        }
      },
      "23": {
        "start": {
          "line": 93,
          "column": 8
        },
        "end": {
          "line": 93,
          "column": 54
        }
      }
    },
    "fnMap": {
      "0": {
        "name": "(anonymous_0)",
        "decl": {
          "start": {
            "line": 11,
            "column": 24
          },
          "end": {
            "line": 11,
            "column": 25
          }
        },
        "loc": {
          "start": {
            "line": 11,
            "column": 38
          },
          "end": {
            "line": 13,
            "column": 3
          }
        },
        "line": 11
      },
      "1": {
        "name": "Card",
        "decl": {
          "start": {
            "line": 17,
            "column": 16
          },
          "end": {
            "line": 17,
            "column": 20
          }
        },
        "loc": {
          "start": {
            "line": 20,
            "column": 3
          },
          "end": {
            "line": 76,
            "column": 1
          }
        },
        "line": 20
      },
      "2": {
        "name": "(anonymous_2)",
        "decl": {
          "start": {
            "line": 28,
            "column": 87
          },
          "end": {
            "line": 28,
            "column": 88
          }
        },
        "loc": {
          "start": {
            "line": 28,
            "column": 93
          },
          "end": {
            "line": 30,
            "column": 3
          }
        },
        "line": 28
      },
      "3": {
        "name": "(anonymous_3)",
        "decl": {
          "start": {
            "line": 86,
            "column": 9
          },
          "end": {
            "line": 86,
            "column": 10
          }
        },
        "loc": {
          "start": {
            "line": 86,
            "column": 29
          },
          "end": {
            "line": 95,
            "column": 3
          }
        },
        "line": 86
      },
      "4": {
        "name": "(anonymous_4)",
        "decl": {
          "start": {
            "line": 88,
            "column": 27
          },
          "end": {
            "line": 88,
            "column": 28
          }
        },
        "loc": {
          "start": {
            "line": 88,
            "column": 44
          },
          "end": {
            "line": 94,
            "column": 5
          }
        },
        "line": 88
      }
    },
    "branchMap": {
      "0": {
        "loc": {
          "start": {
            "line": 5,
            "column": 0
          },
          "end": {
            "line": 15,
            "column": 1
          }
        },
        "type": "if",
        "locations": [
          {
            "start": {
              "line": 5,
              "column": 0
            },
            "end": {
              "line": 15,
              "column": 1
            }
          },
          {
            "start": {},
            "end": {}
          }
        ],
        "line": 5
      },
      "1": {
        "loc": {
          "start": {
            "line": 6,
            "column": 2
          },
          "end": {
            "line": 8,
            "column": 3
          }
        },
        "type": "if",
        "locations": [
          {
            "start": {
              "line": 6,
              "column": 2
            },
            "end": {
              "line": 8,
              "column": 3
            }
          },
          {
            "start": {},
            "end": {}
          }
        ],
        "line": 6
      },
      "2": {
        "loc": {
          "start": {
            "line": 80,
            "column": 0
          },
          "end": {
            "line": 96,
            "column": 1
          }
        },
        "type": "if",
        "locations": [
          {
            "start": {
              "line": 80,
              "column": 0
            },
            "end": {
              "line": 96,
              "column": 1
            }
          },
          {
            "start": {},
            "end": {}
          }
        ],
        "line": 80
      },
      "3": {
        "loc": {
          "start": {
            "line": 89,
            "column": 6
          },
          "end": {
            "line": 90,
            "column": 15
          }
        },
        "type": "if",
        "locations": [
          {
            "start": {
              "line": 89,
              "column": 6
            },
            "end": {
              "line": 90,
              "column": 15
            }
          },
          {
            "start": {},
            "end": {}
          }
        ],
        "line": 89
      },
      "4": {
        "loc": {
          "start": {
            "line": 92,
            "column": 6
          },
          "end": {
            "line": 93,
            "column": 54
          }
        },
        "type": "if",
        "locations": [
          {
            "start": {
              "line": 92,
              "column": 6
            },
            "end": {
              "line": 93,
              "column": 54
            }
          },
          {
            "start": {},
            "end": {}
          }
        ],
        "line": 92
      }
    },
    "s": {
      "0": 42,
      "1": 42,
      "2": 0,
      "3": 42,
      "4": 42,
      "5": 42,
      "6": 42,
      "7": 42,
      "8": 740,
      "9": 740,
      "10": 0,
      "11": 42,
      "12": 42,
      "13": 42,
      "14": 42,
      "15": 42,
      "16": 42,
      "17": 21,
      "18": 21,
      "19": 0,
      "20": 0,
      "21": 0,
      "22": 0,
      "23": 0
    },
    "f": {
      "0": 42,
      "1": 740,
      "2": 0,
      "3": 21,
      "4": 0
    },
    "b": {
      "0": [
        42,
        0
      ],
      "1": [
        0,
        42
      ],
      "2": [
        42,
        0
      ],
      "3": [
        0,
        0
      ],
      "4": [
        0,
        0
      ]
    },
    "inputSourceMap": {
      "version": 3,
      "mappings": "AAiCM;AAjCN,OAAO,oBAAmB;AAAA;AAAA;AAAA;AAAA;AAAA;AAAA;AAAA;AAAA;AAAA;AAAA;AAAA;AAAA;AAAA;AAAA;AAuBnB,gBAASA,KAAK;AAAA,EAAEC;AAAAA,EAAUC;AAAwB,GAAG;AAC1D,QAAM;AAAA,IAAEC;AAAAA,IAAMC;AAAAA,IAAQC;AAAAA,IAAQC;AAAAA,IAAOC;AAAAA,EAAQ,IAAIN;AACjD,SACE,uBAAC,SACC,WAAU,QACV,MAAK,YACL,SAAS,MAAM;AACbC,gBAAYD,QAAQ;AAAA,EACtB,GAEA;AAAA,2BAAC,SAAI,WAAU,YAAW,KAAKK,OAAO,KAAM,GAAEH,UAA9C;AAAA;AAAA;AAAA;AAAA,WAAqD;AAAA,IACrD,uBAAC,OAAE,WAAU,aAAaA,kBAA1B;AAAA;AAAA;AAAA;AAAA,WAA+B;AAAA,IAC/B,uBAAC,SAAI,WAAU,aACb;AAAA,6BAAC,OAAE;AAAA;AAAA,QAASC;AAAAA,WAAZ;AAAA;AAAA;AAAA;AAAA,aAAmB;AAAA,MACnB,uBAAC,OAAE;AAAA;AAAA,QAASC;AAAAA,WAAZ;AAAA;AAAA;AAAA;AAAA,aAAmB;AAAA,MACnB,uBAAC,OAAE;AAAA;AAAA,QAAUE;AAAAA,WAAb;AAAA;AAAA;AAAA;AAAA,aAAqB;AAAA,SAHvB;AAAA;AAAA;AAAA;AAAA,WAIA;AAAA,OAbF;AAAA;AAAA;AAAA;AAAA,SAcA;AAEJ;AAACC,KAnBeR;AAAI;AAAAS",
      "names": [
        "Card",
        "cardData",
        "onCardClick",
        "name",
        "status",
        "gender",
        "image",
        "species",
        "_c",
        "$RefreshReg$"
      ],
      "sources": [
        "C:/Users/Дмитрий/Documents/учеба/rss/RSS-React-2023q1_week1/src/client/components/card/card.tsx"
      ],
      "file": "C:/Users/Дмитрий/Documents/учеба/rss/RSS-React-2023q1_week1/src/client/components/card/card.tsx"
    },
    "_coverageSchema": "1a1c01bbd47fc00a2c39e90264f33305004495a9",
    "hash": "8fe4cd8fb4c705b06159dd0fc48e2af4c165a76c"
  },
  "C:/Users/Дмитрий/Documents/учеба/rss/RSS-React-2023q1_week1/src/client/components/card-list/card-list.tsx": {
    "path": "C:/Users/Дмитрий/Documents/учеба/rss/RSS-React-2023q1_week1/src/client/components/card-list/card-list.tsx",
    "statementMap": {
      "0": {
        "start": {
          "line": 5,
          "column": 0
        },
        "end": {
          "line": 15,
          "column": 1
        }
      },
      "1": {
        "start": {
          "line": 6,
          "column": 2
        },
        "end": {
          "line": 8,
          "column": 3
        }
      },
      "2": {
        "start": {
          "line": 7,
          "column": 4
        },
        "end": {
          "line": 7,
          "column": 165
        }
      },
      "3": {
        "start": {
          "line": 9,
          "column": 2
        },
        "end": {
          "line": 9,
          "column": 39
        }
      },
      "4": {
        "start": {
          "line": 10,
          "column": 2
        },
        "end": {
          "line": 10,
          "column": 39
        }
      },
      "5": {
        "start": {
          "line": 11,
          "column": 2
        },
        "end": {
          "line": 13,
          "column": 4
        }
      },
      "6": {
        "start": {
          "line": 12,
          "column": 4
        },
        "end": {
          "line": 12,
          "column": 149
        }
      },
      "7": {
        "start": {
          "line": 14,
          "column": 2
        },
        "end": {
          "line": 14,
          "column": 75
        }
      },
      "8": {
        "start": {
          "line": 22,
          "column": 2
        },
        "end": {
          "line": 34,
          "column": 11
        }
      },
      "9": {
        "start": {
          "line": 26,
          "column": 62
        },
        "end": {
          "line": 30,
          "column": 10
        }
      },
      "10": {
        "start": {
          "line": 36,
          "column": 0
        },
        "end": {
          "line": 36,
          "column": 14
        }
      },
      "11": {
        "start": {
          "line": 38,
          "column": 0
        },
        "end": {
          "line": 38,
          "column": 29
        }
      },
      "12": {
        "start": {
          "line": 39,
          "column": 0
        },
        "end": {
          "line": 55,
          "column": 1
        }
      },
      "13": {
        "start": {
          "line": 40,
          "column": 2
        },
        "end": {
          "line": 40,
          "column": 39
        }
      },
      "14": {
        "start": {
          "line": 41,
          "column": 2
        },
        "end": {
          "line": 41,
          "column": 39
        }
      },
      "15": {
        "start": {
          "line": 42,
          "column": 2
        },
        "end": {
          "line": 54,
          "column": 5
        }
      },
      "16": {
        "start": {
          "line": 46,
          "column": 4
        },
        "end": {
          "line": 46,
          "column": 175
        }
      },
      "17": {
        "start": {
          "line": 47,
          "column": 4
        },
        "end": {
          "line": 53,
          "column": 7
        }
      },
      "18": {
        "start": {
          "line": 48,
          "column": 6
        },
        "end": {
          "line": 49,
          "column": 15
        }
      },
      "19": {
        "start": {
          "line": 49,
          "column": 8
        },
        "end": {
          "line": 49,
          "column": 15
        }
      },
      "20": {
        "start": {
          "line": 50,
          "column": 32
        },
        "end": {
          "line": 50,
          "column": 115
        }
      },
      "21": {
        "start": {
          "line": 51,
          "column": 6
        },
        "end": {
          "line": 52,
          "column": 54
        }
      },
      "22": {
        "start": {
          "line": 52,
          "column": 8
        },
        "end": {
          "line": 52,
          "column": 54
        }
      }
    },
    "fnMap": {
      "0": {
        "name": "(anonymous_0)",
        "decl": {
          "start": {
            "line": 11,
            "column": 24
          },
          "end": {
            "line": 11,
            "column": 25
          }
        },
        "loc": {
          "start": {
            "line": 11,
            "column": 38
          },
          "end": {
            "line": 13,
            "column": 3
          }
        },
        "line": 11
      },
      "1": {
        "name": "CardList",
        "decl": {
          "start": {
            "line": 18,
            "column": 24
          },
          "end": {
            "line": 18,
            "column": 32
          }
        },
        "loc": {
          "start": {
            "line": 21,
            "column": 3
          },
          "end": {
            "line": 35,
            "column": 1
          }
        },
        "line": 21
      },
      "2": {
        "name": "(anonymous_2)",
        "decl": {
          "start": {
            "line": 26,
            "column": 26
          },
          "end": {
            "line": 26,
            "column": 27
          }
        },
        "loc": {
          "start": {
            "line": 26,
            "column": 62
          },
          "end": {
            "line": 30,
            "column": 10
          }
        },
        "line": 26
      },
      "3": {
        "name": "(anonymous_3)",
        "decl": {
          "start": {
            "line": 45,
            "column": 9
          },
          "end": {
            "line": 45,
            "column": 10
          }
        },
        "loc": {
          "start": {
            "line": 45,
            "column": 29
          },
          "end": {
            "line": 54,
            "column": 3
          }
        },
        "line": 45
      },
      "4": {
        "name": "(anonymous_4)",
        "decl": {
          "start": {
            "line": 47,
            "column": 27
          },
          "end": {
            "line": 47,
            "column": 28
          }
        },
        "loc": {
          "start": {
            "line": 47,
            "column": 44
          },
          "end": {
            "line": 53,
            "column": 5
          }
        },
        "line": 47
      }
    },
    "branchMap": {
      "0": {
        "loc": {
          "start": {
            "line": 5,
            "column": 0
          },
          "end": {
            "line": 15,
            "column": 1
          }
        },
        "type": "if",
        "locations": [
          {
            "start": {
              "line": 5,
              "column": 0
            },
            "end": {
              "line": 15,
              "column": 1
            }
          },
          {
            "start": {},
            "end": {}
          }
        ],
        "line": 5
      },
      "1": {
        "loc": {
          "start": {
            "line": 6,
            "column": 2
          },
          "end": {
            "line": 8,
            "column": 3
          }
        },
        "type": "if",
        "locations": [
          {
            "start": {
              "line": 6,
              "column": 2
            },
            "end": {
              "line": 8,
              "column": 3
            }
          },
          {
            "start": {},
            "end": {}
          }
        ],
        "line": 6
      },
      "2": {
        "loc": {
          "start": {
            "line": 22,
            "column": 75
          },
          "end": {
            "line": 30,
            "column": 11
          }
        },
        "type": "cond-expr",
        "locations": [
          {
            "start": {
              "line": 22,
              "column": 115
            },
            "end": {
              "line": 26,
              "column": 10
            }
          },
          {
            "start": {
              "line": 26,
              "column": 13
            },
            "end": {
              "line": 30,
              "column": 11
            }
          }
        ],
        "line": 22
      },
      "3": {
        "loc": {
          "start": {
            "line": 39,
            "column": 0
          },
          "end": {
            "line": 55,
            "column": 1
          }
        },
        "type": "if",
        "locations": [
          {
            "start": {
              "line": 39,
              "column": 0
            },
            "end": {
              "line": 55,
              "column": 1
            }
          },
          {
            "start": {},
            "end": {}
          }
        ],
        "line": 39
      },
      "4": {
        "loc": {
          "start": {
            "line": 48,
            "column": 6
          },
          "end": {
            "line": 49,
            "column": 15
          }
        },
        "type": "if",
        "locations": [
          {
            "start": {
              "line": 48,
              "column": 6
            },
            "end": {
              "line": 49,
              "column": 15
            }
          },
          {
            "start": {},
            "end": {}
          }
        ],
        "line": 48
      },
      "5": {
        "loc": {
          "start": {
            "line": 51,
            "column": 6
          },
          "end": {
            "line": 52,
            "column": 54
          }
        },
        "type": "if",
        "locations": [
          {
            "start": {
              "line": 51,
              "column": 6
            },
            "end": {
              "line": 52,
              "column": 54
            }
          },
          {
            "start": {},
            "end": {}
          }
        ],
        "line": 51
      }
    },
    "s": {
      "0": 42,
      "1": 42,
      "2": 0,
      "3": 42,
      "4": 42,
      "5": 42,
      "6": 42,
      "7": 42,
      "8": 44,
      "9": 740,
      "10": 42,
      "11": 42,
      "12": 42,
      "13": 42,
      "14": 42,
      "15": 42,
      "16": 21,
      "17": 21,
      "18": 0,
      "19": 0,
      "20": 0,
      "21": 0,
      "22": 0
    },
    "f": {
      "0": 42,
      "1": 44,
      "2": 740,
      "3": 21,
      "4": 0
    },
    "b": {
      "0": [
        42,
        0
      ],
      "1": [
        0,
        42
      ],
      "2": [
        7,
        37
      ],
      "3": [
        42,
        0
      ],
      "4": [
        0,
        0
      ],
      "5": [
        0,
        0
      ]
    },
    "inputSourceMap": {
      "version": 3,
      "mappings": "AAaQ;AAbR,2BAAoB;AAAsB;AAAA;AAAA;AAAA;AAAA;AAAA;AAAA;AAAA;AAAA;AAAA;AAAA;AAAA;AAAA;AAAA;AAE1C,OAAO;AAOP,wBAAwBA,SAAS;AAAA,EAAEC;AAAAA,EAAUC;AAA4B,GAAG;AAC1E,SACE,uBAAC,SAAI,WAAU,aACZD,mBAASE,WAAW,IACnB,uBAAC,OAAE,gCAAH;AAAA;AAAA;AAAA;AAAA,SAAmB,IAEnBF,SAASG,IAAKC,oBACZ,uBAAC,QAA6B,UAAUA,gBAAgB,eAA7CA,eAAeC,IAA1B;AAAA;AAAA;AAAA;AAAA,SAAiF,CAClF,KANL;AAAA;AAAA;AAAA;AAAA,SAQA;AAEJ;AAACC,KAZuBP;AAAQ;AAAAQ",
      "names": [
        "CardList",
        "userData",
        "onCardClick",
        "length",
        "map",
        "singleUserData",
        "id",
        "_c",
        "$RefreshReg$"
      ],
      "sources": [
        "C:/Users/Дмитрий/Documents/учеба/rss/RSS-React-2023q1_week1/src/client/components/card-list/card-list.tsx"
      ],
      "file": "C:/Users/Дмитрий/Documents/учеба/rss/RSS-React-2023q1_week1/src/client/components/card-list/card-list.tsx"
    },
    "_coverageSchema": "1a1c01bbd47fc00a2c39e90264f33305004495a9",
    "hash": "80271713b6aa5599b37d200f49d1d70e934de809"
  },
  "C:/Users/Дмитрий/Documents/учеба/rss/RSS-React-2023q1_week1/src/client/components/card-with-more-info/card-with-more-info.tsx": {
    "path": "C:/Users/Дмитрий/Documents/учеба/rss/RSS-React-2023q1_week1/src/client/components/card-with-more-info/card-with-more-info.tsx",
    "statementMap": {
      "0": {
        "start": {
          "line": 5,
          "column": 0
        },
        "end": {
          "line": 15,
          "column": 1
        }
      },
      "1": {
        "start": {
          "line": 6,
          "column": 2
        },
        "end": {
          "line": 8,
          "column": 3
        }
      },
      "2": {
        "start": {
          "line": 7,
          "column": 4
        },
        "end": {
          "line": 7,
          "column": 165
        }
      },
      "3": {
        "start": {
          "line": 9,
          "column": 2
        },
        "end": {
          "line": 9,
          "column": 39
        }
      },
      "4": {
        "start": {
          "line": 10,
          "column": 2
        },
        "end": {
          "line": 10,
          "column": 39
        }
      },
      "5": {
        "start": {
          "line": 11,
          "column": 2
        },
        "end": {
          "line": 13,
          "column": 4
        }
      },
      "6": {
        "start": {
          "line": 12,
          "column": 4
        },
        "end": {
          "line": 12,
          "column": 169
        }
      },
      "7": {
        "start": {
          "line": 14,
          "column": 2
        },
        "end": {
          "line": 14,
          "column": 75
        }
      },
      "8": {
        "start": {
          "line": 16,
          "column": 9
        },
        "end": {
          "line": 16,
          "column": 23
        }
      },
      "9": {
        "start": {
          "line": 22,
          "column": 2
        },
        "end": {
          "line": 22,
          "column": 7
        }
      },
      "10": {
        "start": {
          "line": 26,
          "column": 6
        },
        "end": {
          "line": 26,
          "column": 33
        }
      },
      "11": {
        "start": {
          "line": 27,
          "column": 2
        },
        "end": {
          "line": 39,
          "column": 3
        }
      },
      "12": {
        "start": {
          "line": 28,
          "column": 4
        },
        "end": {
          "line": 32,
          "column": 13
        }
      },
      "13": {
        "start": {
          "line": 33,
          "column": 7
        },
        "end": {
          "line": 39,
          "column": 3
        }
      },
      "14": {
        "start": {
          "line": 34,
          "column": 4
        },
        "end": {
          "line": 38,
          "column": 13
        }
      },
      "15": {
        "start": {
          "line": 48,
          "column": 6
        },
        "end": {
          "line": 48,
          "column": 10
        }
      },
      "16": {
        "start": {
          "line": 49,
          "column": 2
        },
        "end": {
          "line": 104,
          "column": 11
        }
      },
      "17": {
        "start": {
          "line": 106,
          "column": 0
        },
        "end": {
          "line": 108,
          "column": 3
        }
      },
      "18": {
        "start": {
          "line": 107,
          "column": 2
        },
        "end": {
          "line": 107,
          "column": 31
        }
      },
      "19": {
        "start": {
          "line": 109,
          "column": 0
        },
        "end": {
          "line": 109,
          "column": 22
        }
      },
      "20": {
        "start": {
          "line": 111,
          "column": 0
        },
        "end": {
          "line": 111,
          "column": 37
        }
      },
      "21": {
        "start": {
          "line": 112,
          "column": 0
        },
        "end": {
          "line": 128,
          "column": 1
        }
      },
      "22": {
        "start": {
          "line": 113,
          "column": 2
        },
        "end": {
          "line": 113,
          "column": 39
        }
      },
      "23": {
        "start": {
          "line": 114,
          "column": 2
        },
        "end": {
          "line": 114,
          "column": 39
        }
      },
      "24": {
        "start": {
          "line": 115,
          "column": 2
        },
        "end": {
          "line": 127,
          "column": 5
        }
      },
      "25": {
        "start": {
          "line": 119,
          "column": 4
        },
        "end": {
          "line": 119,
          "column": 195
        }
      },
      "26": {
        "start": {
          "line": 120,
          "column": 4
        },
        "end": {
          "line": 126,
          "column": 7
        }
      },
      "27": {
        "start": {
          "line": 121,
          "column": 6
        },
        "end": {
          "line": 122,
          "column": 15
        }
      },
      "28": {
        "start": {
          "line": 122,
          "column": 8
        },
        "end": {
          "line": 122,
          "column": 15
        }
      },
      "29": {
        "start": {
          "line": 123,
          "column": 32
        },
        "end": {
          "line": 123,
          "column": 115
        }
      },
      "30": {
        "start": {
          "line": 124,
          "column": 6
        },
        "end": {
          "line": 125,
          "column": 54
        }
      },
      "31": {
        "start": {
          "line": 125,
          "column": 8
        },
        "end": {
          "line": 125,
          "column": 54
        }
      }
    },
    "fnMap": {
      "0": {
        "name": "(anonymous_0)",
        "decl": {
          "start": {
            "line": 11,
            "column": 24
          },
          "end": {
            "line": 11,
            "column": 25
          }
        },
        "loc": {
          "start": {
            "line": 11,
            "column": 38
          },
          "end": {
            "line": 13,
            "column": 3
          }
        },
        "line": 11
      },
      "1": {
        "name": "CardWithMoreInfo",
        "decl": {
          "start": {
            "line": 19,
            "column": 24
          },
          "end": {
            "line": 19,
            "column": 40
          }
        },
        "loc": {
          "start": {
            "line": 21,
            "column": 3
          },
          "end": {
            "line": 105,
            "column": 1
          }
        },
        "line": 21
      },
      "2": {
        "name": "(anonymous_2)",
        "decl": {
          "start": {
            "line": 106,
            "column": 60
          },
          "end": {
            "line": 106,
            "column": 61
          }
        },
        "loc": {
          "start": {
            "line": 106,
            "column": 71
          },
          "end": {
            "line": 108,
            "column": 1
          }
        },
        "line": 106
      },
      "3": {
        "name": "(anonymous_3)",
        "decl": {
          "start": {
            "line": 118,
            "column": 9
          },
          "end": {
            "line": 118,
            "column": 10
          }
        },
        "loc": {
          "start": {
            "line": 118,
            "column": 29
          },
          "end": {
            "line": 127,
            "column": 3
          }
        },
        "line": 118
      },
      "4": {
        "name": "(anonymous_4)",
        "decl": {
          "start": {
            "line": 120,
            "column": 27
          },
          "end": {
            "line": 120,
            "column": 28
          }
        },
        "loc": {
          "start": {
            "line": 120,
            "column": 44
          },
          "end": {
            "line": 126,
            "column": 5
          }
        },
        "line": 120
      }
    },
    "branchMap": {
      "0": {
        "loc": {
          "start": {
            "line": 5,
            "column": 0
          },
          "end": {
            "line": 15,
            "column": 1
          }
        },
        "type": "if",
        "locations": [
          {
            "start": {
              "line": 5,
              "column": 0
            },
            "end": {
              "line": 15,
              "column": 1
            }
          },
          {
            "start": {},
            "end": {}
          }
        ],
        "line": 5
      },
      "1": {
        "loc": {
          "start": {
            "line": 6,
            "column": 2
          },
          "end": {
            "line": 8,
            "column": 3
          }
        },
        "type": "if",
        "locations": [
          {
            "start": {
              "line": 6,
              "column": 2
            },
            "end": {
              "line": 8,
              "column": 3
            }
          },
          {
            "start": {},
            "end": {}
          }
        ],
        "line": 6
      },
      "2": {
        "loc": {
          "start": {
            "line": 27,
            "column": 2
          },
          "end": {
            "line": 39,
            "column": 3
          }
        },
        "type": "if",
        "locations": [
          {
            "start": {
              "line": 27,
              "column": 2
            },
            "end": {
              "line": 39,
              "column": 3
            }
          },
          {
            "start": {
              "line": 33,
              "column": 7
            },
            "end": {
              "line": 39,
              "column": 3
            }
          }
        ],
        "line": 27
      },
      "3": {
        "loc": {
          "start": {
            "line": 33,
            "column": 7
          },
          "end": {
            "line": 39,
            "column": 3
          }
        },
        "type": "if",
        "locations": [
          {
            "start": {
              "line": 33,
              "column": 7
            },
            "end": {
              "line": 39,
              "column": 3
            }
          },
          {
            "start": {},
            "end": {}
          }
        ],
        "line": 33
      },
      "4": {
        "loc": {
          "start": {
            "line": 112,
            "column": 0
          },
          "end": {
            "line": 128,
            "column": 1
          }
        },
        "type": "if",
        "locations": [
          {
            "start": {
              "line": 112,
              "column": 0
            },
            "end": {
              "line": 128,
              "column": 1
            }
          },
          {
            "start": {},
            "end": {}
          }
        ],
        "line": 112
      },
      "5": {
        "loc": {
          "start": {
            "line": 121,
            "column": 6
          },
          "end": {
            "line": 122,
            "column": 15
          }
        },
        "type": "if",
        "locations": [
          {
            "start": {
              "line": 121,
              "column": 6
            },
            "end": {
              "line": 122,
              "column": 15
            }
          },
          {
            "start": {},
            "end": {}
          }
        ],
        "line": 121
      },
      "6": {
        "loc": {
          "start": {
            "line": 124,
            "column": 6
          },
          "end": {
            "line": 125,
            "column": 54
          }
        },
        "type": "if",
        "locations": [
          {
            "start": {
              "line": 124,
              "column": 6
            },
            "end": {
              "line": 125,
              "column": 54
            }
          },
          {
            "start": {},
            "end": {}
          }
        ],
        "line": 124
      }
    },
    "s": {
      "0": 42,
      "1": 42,
      "2": 0,
      "3": 42,
      "4": 42,
      "5": 42,
      "6": 42,
      "7": 42,
      "8": 42,
      "9": 0,
      "10": 0,
      "11": 0,
      "12": 0,
      "13": 0,
      "14": 0,
      "15": 0,
      "16": 0,
      "17": 42,
      "18": 0,
      "19": 42,
      "20": 42,
      "21": 42,
      "22": 42,
      "23": 42,
      "24": 42,
      "25": 21,
      "26": 21,
      "27": 0,
      "28": 0,
      "29": 0,
      "30": 0,
      "31": 0
    },
    "f": {
      "0": 42,
      "1": 0,
      "2": 0,
      "3": 21,
      "4": 0
    },
    "b": {
      "0": [
        42,
        0
      ],
      "1": [
        0,
        42
      ],
      "2": [
        0,
        0
      ],
      "3": [
        0,
        0
      ],
      "4": [
        42,
        0
      ],
      "5": [
        0,
        0
      ],
      "6": [
        0,
        0
      ]
    },
    "inputSourceMap": {
      "version": 3,
      "mappings": "AAWyB;;;;;;;;;;;;;;;;AAXzB,OAAO;AAMP,SAASA,2BAA2B;AAEpC,wBAAwBC,iBAAiB;AAAA,EAAEC;AAA+B,GAAG;AAAAC;AAC3E,QAAM;AAAA,IAAEC;AAAAA,IAAMC;AAAAA,EAAW,IAAIL,oBAAoBE,MAAM;AAEvD,MAAIG;AAAY,WAAO,uBAAC,OAAE,4BAAH;AAAA;AAAA;AAAA;AAAA,WAAe;AAAA,WAC7B,CAACD,MAAM;AACd,WAAO,uBAAC,OAAE,iCAAH;AAAA;AAAA;AAAA;AAAA,WAAoB;AAAA,EAC7B;AAEA,QAAM;AAAA,IAAEE;AAAAA,IAAMC;AAAAA,IAAQC;AAAAA,IAAQC;AAAAA,IAAOC;AAAAA,IAASC;AAAAA,IAAUC;AAAAA,EAAO,IAAIR;AACnE,SACE,uBAAC,SAAI,WAAU,YAAW,MAAK,YAC7B;AAAA,2BAAC,SAAI,WAAU,gBAAe,KAAKK,OAAO,KAAM,GAAEH,UAAlD;AAAA;AAAA;AAAA;AAAA,WAAyD;AAAA,IACzD,uBAAC,OAAE,WAAU,iBAAiBA,kBAA9B;AAAA;AAAA;AAAA;AAAA,WAAmC;AAAA,IACnC,uBAAC,OAAE;AAAA;AAAA,MAASC;AAAAA,SAAZ;AAAA;AAAA;AAAA;AAAA,WAAmB;AAAA,IACnB,uBAAC,OAAE;AAAA;AAAA,MAASC;AAAAA,SAAZ;AAAA;AAAA;AAAA;AAAA,WAAmB;AAAA,IACnB,uBAAC,OAAE;AAAA;AAAA,MAAUE;AAAAA,SAAb;AAAA;AAAA;AAAA;AAAA,WAAqB;AAAA,IACrB,uBAAC,OAAE;AAAA;AAAA,MAASE,OAAON;AAAAA,SAAnB;AAAA;AAAA;AAAA;AAAA,WAAwB;AAAA,IACxB,uBAAC,OAAE;AAAA;AAAA,MAAWK,SAASL;AAAAA,SAAvB;AAAA;AAAA;AAAA;AAAA,WAA4B;AAAA,OAP9B;AAAA;AAAA;AAAA;AAAA,SAQA;AAEJ;AAACH,GApBuBF,kBAAgB;AAAA,UACTD,mBAAmB;AAAA;AAAAa,KAD1BZ;AAAgB;AAAAa",
      "names": [
        "useGetCardByIdQuery",
        "CardWithMoreInfo",
        "cardId",
        "_s",
        "data",
        "isFetching",
        "name",
        "status",
        "gender",
        "image",
        "species",
        "location",
        "origin",
        "_c",
        "$RefreshReg$"
      ],
      "sources": [
        "C:/Users/Дмитрий/Documents/учеба/rss/RSS-React-2023q1_week1/src/client/components/card-with-more-info/card-with-more-info.tsx"
      ],
      "file": "C:/Users/Дмитрий/Documents/учеба/rss/RSS-React-2023q1_week1/src/client/components/card-with-more-info/card-with-more-info.tsx"
    },
    "_coverageSchema": "1a1c01bbd47fc00a2c39e90264f33305004495a9",
    "hash": "df8f3d70f4b218df532fdd77fceca8e9592f16e6"
  },
  "C:/Users/Дмитрий/Documents/учеба/rss/RSS-React-2023q1_week1/src/client/components/modal/modal.tsx": {
    "path": "C:/Users/Дмитрий/Documents/учеба/rss/RSS-React-2023q1_week1/src/client/components/modal/modal.tsx",
    "statementMap": {
      "0": {
        "start": {
          "line": 5,
          "column": 0
        },
        "end": {
          "line": 15,
          "column": 1
        }
      },
      "1": {
        "start": {
          "line": 6,
          "column": 2
        },
        "end": {
          "line": 8,
          "column": 3
        }
      },
      "2": {
        "start": {
          "line": 7,
          "column": 4
        },
        "end": {
          "line": 7,
          "column": 165
        }
      },
      "3": {
        "start": {
          "line": 9,
          "column": 2
        },
        "end": {
          "line": 9,
          "column": 39
        }
      },
      "4": {
        "start": {
          "line": 10,
          "column": 2
        },
        "end": {
          "line": 10,
          "column": 39
        }
      },
      "5": {
        "start": {
          "line": 11,
          "column": 2
        },
        "end": {
          "line": 13,
          "column": 4
        }
      },
      "6": {
        "start": {
          "line": 12,
          "column": 4
        },
        "end": {
          "line": 12,
          "column": 141
        }
      },
      "7": {
        "start": {
          "line": 14,
          "column": 2
        },
        "end": {
          "line": 14,
          "column": 75
        }
      },
      "8": {
        "start": {
          "line": 22,
          "column": 2
        },
        "end": {
          "line": 39,
          "column": 11
        }
      },
      "9": {
        "start": {
          "line": 22,
          "column": 104
        },
        "end": {
          "line": 22,
          "column": 113
        }
      },
      "10": {
        "start": {
          "line": 23,
          "column": 4
        },
        "end": {
          "line": 23,
          "column": 24
        }
      },
      "11": {
        "start": {
          "line": 41,
          "column": 0
        },
        "end": {
          "line": 41,
          "column": 11
        }
      },
      "12": {
        "start": {
          "line": 43,
          "column": 0
        },
        "end": {
          "line": 43,
          "column": 26
        }
      },
      "13": {
        "start": {
          "line": 44,
          "column": 0
        },
        "end": {
          "line": 60,
          "column": 1
        }
      },
      "14": {
        "start": {
          "line": 45,
          "column": 2
        },
        "end": {
          "line": 45,
          "column": 39
        }
      },
      "15": {
        "start": {
          "line": 46,
          "column": 2
        },
        "end": {
          "line": 46,
          "column": 39
        }
      },
      "16": {
        "start": {
          "line": 47,
          "column": 2
        },
        "end": {
          "line": 59,
          "column": 5
        }
      },
      "17": {
        "start": {
          "line": 51,
          "column": 4
        },
        "end": {
          "line": 51,
          "column": 167
        }
      },
      "18": {
        "start": {
          "line": 52,
          "column": 4
        },
        "end": {
          "line": 58,
          "column": 7
        }
      },
      "19": {
        "start": {
          "line": 53,
          "column": 6
        },
        "end": {
          "line": 54,
          "column": 15
        }
      },
      "20": {
        "start": {
          "line": 54,
          "column": 8
        },
        "end": {
          "line": 54,
          "column": 15
        }
      },
      "21": {
        "start": {
          "line": 55,
          "column": 32
        },
        "end": {
          "line": 55,
          "column": 115
        }
      },
      "22": {
        "start": {
          "line": 56,
          "column": 6
        },
        "end": {
          "line": 57,
          "column": 54
        }
      },
      "23": {
        "start": {
          "line": 57,
          "column": 8
        },
        "end": {
          "line": 57,
          "column": 54
        }
      }
    },
    "fnMap": {
      "0": {
        "name": "(anonymous_0)",
        "decl": {
          "start": {
            "line": 11,
            "column": 24
          },
          "end": {
            "line": 11,
            "column": 25
          }
        },
        "loc": {
          "start": {
            "line": 11,
            "column": 38
          },
          "end": {
            "line": 13,
            "column": 3
          }
        },
        "line": 11
      },
      "1": {
        "name": "Modal",
        "decl": {
          "start": {
            "line": 17,
            "column": 24
          },
          "end": {
            "line": 17,
            "column": 29
          }
        },
        "loc": {
          "start": {
            "line": 21,
            "column": 3
          },
          "end": {
            "line": 40,
            "column": 1
          }
        },
        "line": 21
      },
      "2": {
        "name": "(anonymous_2)",
        "decl": {
          "start": {
            "line": 22,
            "column": 98
          },
          "end": {
            "line": 22,
            "column": 99
          }
        },
        "loc": {
          "start": {
            "line": 22,
            "column": 104
          },
          "end": {
            "line": 22,
            "column": 113
          }
        },
        "line": 22
      },
      "3": {
        "name": "(anonymous_3)",
        "decl": {
          "start": {
            "line": 22,
            "column": 246
          },
          "end": {
            "line": 22,
            "column": 247
          }
        },
        "loc": {
          "start": {
            "line": 22,
            "column": 253
          },
          "end": {
            "line": 24,
            "column": 3
          }
        },
        "line": 22
      },
      "4": {
        "name": "(anonymous_4)",
        "decl": {
          "start": {
            "line": 50,
            "column": 9
          },
          "end": {
            "line": 50,
            "column": 10
          }
        },
        "loc": {
          "start": {
            "line": 50,
            "column": 29
          },
          "end": {
            "line": 59,
            "column": 3
          }
        },
        "line": 50
      },
      "5": {
        "name": "(anonymous_5)",
        "decl": {
          "start": {
            "line": 52,
            "column": 27
          },
          "end": {
            "line": 52,
            "column": 28
          }
        },
        "loc": {
          "start": {
            "line": 52,
            "column": 44
          },
          "end": {
            "line": 58,
            "column": 5
          }
        },
        "line": 52
      }
    },
    "branchMap": {
      "0": {
        "loc": {
          "start": {
            "line": 5,
            "column": 0
          },
          "end": {
            "line": 15,
            "column": 1
          }
        },
        "type": "if",
        "locations": [
          {
            "start": {
[...]
          "line": 27,
          "column": 32
        }
      },
      "12": {
        "start": {
          "line": 28,
          "column": 2
        },
        "end": {
          "line": 31,
          "column": 17
        }
      },
      "13": {
        "start": {
          "line": 29,
          "column": 17
        },
        "end": {
          "line": 29,
          "column": 43
        }
      },
      "14": {
        "start": {
          "line": 30,
          "column": 4
        },
        "end": {
          "line": 30,
          "column": 29
        }
      },
      "15": {
        "start": {
          "line": 32,
          "column": 2
        },
        "end": {
          "line": 84,
          "column": 11
        }
      },
      "16": {
        "start": {
          "line": 86,
          "column": 0
        },
        "end": {
          "line": 88,
          "column": 3
        }
      },
      "17": {
        "start": {
          "line": 87,
          "column": 2
        },
        "end": {
          "line": 87,
          "column": 23
        }
      },
      "18": {
        "start": {
          "line": 89,
          "column": 0
        },
        "end": {
          "line": 89,
          "column": 9
        }
      },
      "19": {
        "start": {
          "line": 91,
          "column": 0
        },
        "end": {
          "line": 91,
          "column": 24
        }
      },
      "20": {
        "start": {
          "line": 92,
          "column": 0
        },
        "end": {
          "line": 108,
          "column": 1
        }
      },
      "21": {
        "start": {
          "line": 93,
          "column": 2
        },
        "end": {
          "line": 93,
          "column": 39
        }
      },
      "22": {
        "start": {
          "line": 94,
          "column": 2
        },
        "end": {
          "line": 94,
          "column": 39
        }
      },
      "23": {
        "start": {
          "line": 95,
          "column": 2
        },
        "end": {
          "line": 107,
          "column": 5
        }
      },
      "24": {
        "start": {
          "line": 99,
          "column": 4
        },
        "end": {
          "line": 99,
          "column": 148
        }
      },
      "25": {
        "start": {
          "line": 100,
          "column": 4
        },
        "end": {
          "line": 106,
          "column": 7
        }
      },
      "26": {
        "start": {
          "line": 101,
          "column": 6
        },
        "end": {
          "line": 102,
          "column": 15
        }
      },
      "27": {
        "start": {
          "line": 102,
          "column": 8
        },
        "end": {
          "line": 102,
          "column": 15
        }
      },
      "28": {
        "start": {
          "line": 103,
          "column": 32
        },
        "end": {
          "line": 103,
          "column": 115
        }
      },
      "29": {
        "start": {
          "line": 104,
          "column": 6
        },
        "end": {
          "line": 105,
          "column": 54
        }
      },
      "30": {
        "start": {
          "line": 105,
          "column": 8
        },
        "end": {
          "line": 105,
          "column": 54
        }
      }
    },
    "fnMap": {
      "0": {
        "name": "(anonymous_0)",
        "decl": {
          "start": {
            "line": 11,
            "column": 24
          },
          "end": {
            "line": 11,
            "column": 25
          }
        },
        "loc": {
          "start": {
            "line": 11,
            "column": 38
          },
          "end": {
            "line": 13,
            "column": 3
          }
        },
        "line": 11
      },
      "1": {
        "name": "App",
        "decl": {
          "start": {
            "line": 24,
            "column": 24
          },
          "end": {
            "line": 24,
            "column": 27
          }
        },
        "loc": {
          "start": {
            "line": 24,
            "column": 30
          },
          "end": {
            "line": 85,
            "column": 1
          }
        },
        "line": 24
      },
      "2": {
        "name": "(anonymous_2)",
        "decl": {
          "start": {
            "line": 28,
            "column": 12
          },
          "end": {
            "line": 28,
            "column": 13
          }
        },
        "loc": {
          "start": {
            "line": 28,
            "column": 18
          },
          "end": {
            "line": 31,
            "column": 3
          }
        },
        "line": 28
      },
      "3": {
        "name": "(anonymous_3)",
        "decl": {
          "start": {
            "line": 86,
            "column": 47
          },
          "end": {
            "line": 86,
            "column": 48
          }
        },
        "loc": {
          "start": {
            "line": 86,
            "column": 58
          },
          "end": {
            "line": 88,
            "column": 1
          }
        },
        "line": 86
      },
      "4": {
        "name": "(anonymous_4)",
        "decl": {
          "start": {
            "line": 98,
            "column": 9
          },
          "end": {
            "line": 98,
            "column": 10
          }
        },
        "loc": {
          "start": {
            "line": 98,
            "column": 29
          },
          "end": {
            "line": 107,
            "column": 3
          }
        },
        "line": 98
      },
      "5": {
        "name": "(anonymous_5)",
        "decl": {
          "start": {
            "line": 100,
            "column": 27
          },
          "end": {
            "line": 100,
            "column": 28
          }
        },
        "loc": {
          "start": {
            "line": 100,
            "column": 44
          },
          "end": {
            "line": 106,
            "column": 5
          }
        },
        "line": 100
      }
    },
    "branchMap": {
      "0": {
        "loc": {
          "start": {
            "line": 5,
            "column": 0
          },
          "end": {
            "line": 15,
            "column": 1
          }
        },
        "type": "if",
        "locations": [
          {
            "start": {
              "line": 5,
              "column": 0
            },
            "end": {
              "line": 15,
              "column": 1
            }
          },
          {
            "start": {},
            "end": {}
          }
        ],
        "line": 5
      },
      "1": {
        "loc": {
          "start": {
            "line": 6,
            "column": 2
          },
          "end": {
            "line": 8,
            "column": 3
          }
        },
        "type": "if",
        "locations": [
          {
            "start": {
              "line": 6,
              "column": 2
            },
            "end": {
              "line": 8,
              "column": 3
            }
          },
          {
            "start": {},
            "end": {}
          }
        ],
        "line": 6
      },
      "2": {
        "loc": {
          "start": {
            "line": 30,
            "column": 13
          },
          "end": {
            "line": 30,
            "column": 27
          }
        },
        "type": "binary-expr",
        "locations": [
          {
            "start": {
              "line": 30,
              "column": 13
            },
            "end": {
              "line": 30,
              "column": 17
            }
          },
          {
            "start": {
              "line": 30,
              "column": 21
            },
            "end": {
              "line": 30,
              "column": 27
            }
          }
        ],
        "line": 30
      },
      "3": {
        "loc": {
          "start": {
            "line": 92,
            "column": 0
          },
          "end": {
            "line": 108,
            "column": 1
          }
        },
        "type": "if",
        "locations": [
          {
            "start": {
              "line": 92,
              "column": 0
            },
            "end": {
              "line": 108,
              "column": 1
            }
          },
          {
            "start": {},
            "end": {}
          }
        ],
        "line": 92
      },
      "4": {
        "loc": {
          "start": {
            "line": 101,
            "column": 6
          },
          "end": {
            "line": 102,
            "column": 15
          }
        },
        "type": "if",
        "locations": [
          {
            "start": {
              "line": 101,
              "column": 6
            },
            "end": {
              "line": 102,
              "column": 15
            }
          },
          {
            "start": {},
            "end": {}
          }
        ],
        "line": 101
      },
      "5": {
        "loc": {
          "start": {
            "line": 104,
            "column": 6
          },
          "end": {
            "line": 105,
            "column": 54
          }
        },
        "type": "if",
        "locations": [
          {
            "start": {
              "line": 104,
              "column": 6
            },
            "end": {
              "line": 105,
              "column": 54
            }
          },
          {
            "start": {},
            "end": {}
          }
        ],
        "line": 104
      }
    },
    "s": {
      "0": 42,
      "1": 42,
      "2": 0,
      "3": 42,
      "4": 42,
      "5": 42,
      "6": 42,
      "7": 42,
      "8": 42,
      "9": 75,
      "10": 75,
      "11": 67,
      "12": 67,
      "13": 25,
      "14": 25,
      "15": 67,
      "16": 42,
      "17": 42,
      "18": 42,
      "19": 42,
      "20": 42,
      "21": 42,
      "22": 42,
      "23": 42,
      "24": 21,
      "25": 21,
      "26": 0,
      "27": 0,
      "28": 0,
      "29": 0,
      "30": 0
    },
    "f": {
      "0": 42,
      "1": 75,
      "2": 25,
      "3": 42,
      "4": 21,
      "5": 0
    },
    "b": {
      "0": [
        42,
        0
      ],
      "1": [
        0,
        42
      ],
      "2": [
        25,
        17
      ],
      "3": [
        42,
        0
      ],
      "4": [
        0,
        0
      ],
      "5": [
        0,
        0
      ]
    },
    "inputSourceMap": {
      "version": 3,
      "mappings": "AAoBM;;;;;;;;;;;;;;;;AApBN,SAASA,WAAWC,gBAAgB;AACpC,SAASC,QAAQC,OAAOC,mBAAmB;AAE3C,OAAOC,YAAY;AACnB,OAAOC,cAAc;AACrB,OAAOC,WAAW;AAClB,OAAOC,cAAc;AACrB,OAAOC,UAAU;AAEjB,wBAAwBC,MAAM;AAAAC;AAC5B,QAAM,CAACC,OAAOC,QAAQ,IAAIZ,SAAS,EAAE;AACrC,QAAMa,WAAWV,YAAY;AAE7BJ,YAAU,MAAM;AACd,UAAMe,OAAOD,SAASE,SAASC,MAAM,CAAC;AACtCJ,aAASE,QAAQ,MAAM;AAAA,EACzB,GAAG,CAACD,QAAQ,CAAC;AAEb,SACE,uBAAC,SAAI,WAAU,iBACb;AAAA,2BAAC,UAAO,SAAR;AAAA;AAAA;AAAA;AAAA,WAAqB;AAAA,IACrB,uBAAC,UACC;AAAA,6BAAC,SAAM,MAAK,KAAI,SAAS,uBAAC,cAAD;AAAA;AAAA;AAAA;AAAA,aAAS,KAAlC;AAAA;AAAA;AAAA;AAAA,aAAsC;AAAA,MACtC,uBAAC,SAAM,MAAK,UAAS,SAAS,uBAAC,WAAD;AAAA;AAAA;AAAA;AAAA,aAAM,KAApC;AAAA;AAAA;AAAA;AAAA,aAAwC;AAAA,MACxC,uBAAC,SAAM,MAAK,SAAQ,SAAS,uBAAC,UAAD;AAAA;AAAA;AAAA;AAAA,aAAK,KAAlC;AAAA;AAAA;AAAA;AAAA,aAAsC;AAAA,MACtC,uBAAC,SAAM,MAAK,KAAI,SAAS,uBAAC,cAAD;AAAA;AAAA;AAAA;AAAA,aAAS,KAAlC;AAAA;AAAA;AAAA;AAAA,aAAsC;AAAA,SAJxC;AAAA;AAAA;AAAA;AAAA,WAKA;AAAA,OAPF;AAAA;AAAA;AAAA;AAAA,SAQA;AAEJ;AAACH,GApBuBD,KAAG;AAAA,UAERN,WAAW;AAAA;AAAAc,KAFNR;AAAG;AAAAS",
      "names": [
        "useEffect",
        "useState",
        "Routes",
        "Route",
        "useLocation",
        "Header",
        "MainPage",
        "About",
        "NotFound",
        "Form",
        "App",
        "_s",
        "title",
        "setTitle",
        "location",
        "path",
        "pathname",
        "slice",
        "_c",
        "$RefreshReg$"
      ],
      "sources": [
        "C:/Users/Дмитрий/Documents/учеба/rss/RSS-React-2023q1_week1/src/client/App.tsx"
      ],
      "file": "C:/Users/Дмитрий/Documents/учеба/rss/RSS-React-2023q1_week1/src/client/App.tsx"
    },
    "_coverageSchema": "1a1c01bbd47fc00a2c39e90264f33305004495a9",
    "hash": "ec974dbb3fd4fe8511882a0d519d03ecdbc68172"
  },
  "C:/Users/Дмитрий/Documents/учеба/rss/RSS-React-2023q1_week1/src/client/app/store.ts": {
    "path": "C:/Users/Дмитрий/Documents/учеба/rss/RSS-React-2023q1_week1/src/client/app/store.ts",
    "statementMap": {
      "0": {
        "start": {
          "line": 5,
          "column": 44
        },
        "end": {
          "line": 5,
          "column": 76
        }
      },
      "1": {
        "start": {
          "line": 6,
          "column": 20
        },
        "end": {
          "line": 10,
          "column": 2
        }
      },
      "2": {
        "start": {
          "line": 11,
          "column": 19
        },
        "end": {
          "line": 17,
          "column": 1
        }
      },
      "3": {
        "start": {
          "line": 12,
          "column": 2
        },
        "end": {
          "line": 16,
          "column": 5
        }
      },
      "4": {
        "start": {
          "line": 14,
          "column": 42
        },
        "end": {
          "line": 14,
          "column": 99
        }
      }
    },
    "fnMap": {
      "0": {
        "name": "(anonymous_0)",
        "decl": {
          "start": {
            "line": 11,
            "column": 19
          },
          "end": {
            "line": 11,
            "column": 20
          }
        },
        "loc": {
          "start": {
            "line": 11,
            "column": 39
          },
          "end": {
            "line": 17,
            "column": 1
          }
        },
        "line": 11
      },
      "1": {
        "name": "(anonymous_1)",
        "decl": {
          "start": {
            "line": 14,
            "column": 16
          },
          "end": {
            "line": 14,
            "column": 17
          }
        },
        "loc": {
          "start": {
            "line": 14,
            "column": 42
          },
          "end": {
            "line": 14,
            "column": 99
          }
        },
        "line": 14
      }
    },
    "branchMap": {
      "0": {
        "loc": {
          "start": {
            "line": 5,
            "column": 44
          },
          "end": {
            "line": 5,
            "column": 76
          }
        },
        "type": "binary-expr",
        "locations": [
          {
            "start": {
              "line": 5,
              "column": 44
            },
            "end": {
              "line": 5,
              "column": 62
            }
          },
          {
            "start": {
              "line": 5,
              "column": 66
            },
            "end": {
              "line": 5,
              "column": 76
            }
          }
        ],
        "line": 5
      }
    },
    "s": {
      "0": 42,
      "1": 42,
      "2": 42,
      "3": 42,
      "4": 42
    },
    "f": {
      "0": 42,
      "1": 42
    },
    "b": {
      "0": [
        42,
        42
      ]
    },
    "inputSourceMap": {
      "version": 3,
      "sources": [
        "C:/Users/Дмитрий/Documents/учеба/rss/RSS-React-2023q1_week1/src/client/app/store.ts"
      ],
      "mappings": "AACA,YAAY,gBAAgB;AAE5B,OAAO,sBAAsB;AAC7B,OAAO,wBAAwB;AAC/B,SAAS,uBAAuB;AAGhC,MAAM,EAAE,gBAAgB,gBAAgB,IAAM,WAA8B,WAC1E;AAEF,MAAM,cAAc,gBAAgB;AAAA,EAClC,WAAW;AAAA,EACX,aAAa;AAAA,EACb,CAAC,gBAAgB,WAAW,GAAG,gBAAgB;AACjD,CAAC;AAED,MAAM,aAAa,CAAC,mBAA+C;AACjE,SAAO,eAAe;AAAA,IACpB,SAAS;AAAA,IACT,YAAY,CAAC,yBAAyB,qBAAqB,EAAE,OAAO,gBAAgB,UAAU;AAAA,IAC9F;AAAA,EACF,CAAC;AACH;AAMA,eAAe;",
      "names": []
    },
    "_coverageSchema": "1a1c01bbd47fc00a2c39e90264f33305004495a9",
    "hash": "f4021dc4fe70245e0bd1697982523d54bb25f212"
  },
  "C:/Users/Дмитрий/Documents/учеба/rss/RSS-React-2023q1_week1/src/setupTests.ts": {
    "path": "C:/Users/Дмитрий/Documents/учеба/rss/RSS-React-2023q1_week1/src/setupTests.ts",
    "statementMap": {},
    "fnMap": {},
    "branchMap": {},
    "s": {},
    "f": {},
    "b": {}
  },
  "C:/Users/Дмитрий/Documents/учеба/rss/RSS-React-2023q1_week1/src/client/App.test.tsx": {
    "path": "C:/Users/Дмитрий/Documents/учеба/rss/RSS-React-2023q1_week1/src/client/App.test.tsx",
    "statementMap": {},
    "fnMap": {},
    "branchMap": {},
    "s": {},
    "f": {},
    "b": {}
  },
  "C:/Users/Дмитрий/Documents/учеба/rss/RSS-React-2023q1_week1/src/client/components/card/card.test.tsx": {
    "path": "C:/Users/Дмитрий/Documents/учеба/rss/RSS-React-2023q1_week1/src/client/components/card/card.test.tsx",
    "statementMap": {},
    "fnMap": {},
    "branchMap": {},
    "s": {},
    "f": {},
    "b": {}
  },
  "C:/Users/Дмитрий/Documents/учеба/rss/RSS-React-2023q1_week1/src/client/components/card-list/card-list.test.tsx": {
    "path": "C:/Users/Дмитрий/Documents/учеба/rss/RSS-React-2023q1_week1/src/client/components/card-list/card-list.test.tsx",
    "statementMap": {},
    "fnMap": {},
    "branchMap": {},
    "s": {},
    "f": {},
    "b": {}
  },
  "C:/Users/Дмитрий/Documents/учеба/rss/RSS-React-2023q1_week1/src/client/components/card-with-more-info/card-with-more-info.test.tsx": {
    "path": "C:/Users/Дмитрий/Documents/учеба/rss/RSS-React-2023q1_week1/src/client/components/card-with-more-info/card-with-more-info.test.tsx",
    "statementMap": {},
    "fnMap": {},
    "branchMap": {},
    "s": {},
    "f": {},
    "b": {}
  },
  "C:/Users/Дмитрий/Documents/учеба/rss/RSS-React-2023q1_week1/src/client/components/form-card/form-card.test.tsx": {
    "path": "C:/Users/Дмитрий/Documents/учеба/rss/RSS-React-2023q1_week1/src/client/components/form-card/form-card.test.tsx",
    "statementMap": {},
    "fnMap": {},
    "branchMap": {},
    "s": {},
    "f": {},
    "b": {}
  },
  "C:/Users/Дмитрий/Documents/учеба/rss/RSS-React-2023q1_week1/src/client/components/form-card-list/from-card-list.test.tsx": {
    "path": "C:/Users/Дмитрий/Documents/учеба/rss/RSS-React-2023q1_week1/src/client/components/form-card-list/from-card-list.test.tsx",
    "statementMap": {},
    "fnMap": {},
    "branchMap": {},
    "s": {},
    "f": {},
    "b": {}
  },
  "C:/Users/Дмитрий/Documents/учеба/rss/RSS-React-2023q1_week1/src/client/components/form-with-hooks/form-with-hooks.test.tsx": {
    "path": "C:/Users/Дмитрий/Documents/учеба/rss/RSS-React-2023q1_week1/src/client/components/form-with-hooks/form-with-hooks.test.tsx",
    "statementMap": {},
    "fnMap": {},
    "branchMap": {},
    "s": {},
    "f": {},
    "b": {}
  },
  "C:/Users/Дмитрий/Documents/учеба/rss/RSS-React-2023q1_week1/src/client/components/modal/modal.test.tsx": {
    "path": "C:/Users/Дмитрий/Documents/учеба/rss/RSS-React-2023q1_week1/src/client/components/modal/modal.test.tsx",
    "statementMap": {},
    "fnMap": {},
    "branchMap": {},
    "s": {},
    "f": {},
    "b": {}
  },
  "C:/Users/Дмитрий/Documents/учеба/rss/RSS-React-2023q1_week1/src/client/components/searchBar/searchBar.test.tsx": {
    "path": "C:/Users/Дмитрий/Documents/учеба/rss/RSS-React-2023q1_week1/src/client/components/searchBar/searchBar.test.tsx",
    "statementMap": {},
    "fnMap": {},
    "branchMap": {},
    "s": {},
    "f": {},
    "b": {}
  },
  "C:/Users/Дмитрий/Documents/учеба/rss/RSS-React-2023q1_week1/src/client/pages/formPage/formPage.test.tsx": {
    "path": "C:/Users/Дмитрий/Documents/учеба/rss/RSS-React-2023q1_week1/src/client/pages/formPage/formPage.test.tsx",
    "statementMap": {},
    "fnMap": {},
    "branchMap": {},
    "s": {},
    "f": {},
    "b": {}
  },
  "C:/Users/Дмитрий/Documents/учеба/rss/RSS-React-2023q1_week1/src/client/pages/main/mainPage.test.tsx": {
    "path": "C:/Users/Дмитрий/Documents/учеба/rss/RSS-React-2023q1_week1/src/client/pages/main/mainPage.test.tsx",
    "statementMap": {},
    "fnMap": {},
    "branchMap": {},
    "s": {},
    "f": {},
    "b": {}
  }
}
